0 verbose cli /usr/local/bin/node /usr/local/bin/npm
1 info using npm@8.11.0
2 info using node@v16.16.0
3 timing npm:load:whichnode Completed in 1ms
4 timing config:load:defaults Completed in 8ms
5 timing config:load:file:/usr/local/lib/node_modules/npm/npmrc Completed in 2ms
6 timing config:load:builtin Completed in 5ms
7 timing config:load:cli Completed in 19ms
8 timing config:load:env Completed in 1ms
9 timing config:load:file:/data/.npmrc Completed in 1ms
10 timing config:load:project Completed in 34ms
11 timing config:load:file:/usr/src/node-red/.npmrc Completed in 4ms
12 timing config:load:user Completed in 5ms
13 timing config:load:file:/usr/local/etc/npmrc Completed in 11ms
14 timing config:load:global Completed in 11ms
15 timing config:load:validate Completed in 3ms
16 timing config:load:credentials Completed in 4ms
17 timing config:load:setEnvs Completed in 4ms
18 timing config:load Completed in 98ms
19 timing npm:load:configload Completed in 99ms
20 timing npm:load:mkdirpcache Completed in 5ms
21 timing npm:load:mkdirplogs Completed in 2ms
22 verbose title npm install
23 verbose argv "install"
24 timing npm:load:setTitle Completed in 6ms
25 timing config:load:flatten Completed in 14ms
26 timing npm:load:display Completed in 19ms
27 verbose logfile logs-max:10 dir:/data/.npm/_logs
28 verbose logfile /data/.npm/_logs/2022-11-16T02_35_32_999Z-debug-0.log
29 timing npm:load:logFile Completed in 23ms
30 timing npm:load:timers Completed in 0ms
31 timing npm:load:configScope Completed in 1ms
32 timing npm:load Completed in 161ms
33 timing arborist:ctor Completed in 3ms
34 silly logfile done cleaning log files
35 timing arborist:ctor Completed in 1ms
36 timing idealTree:init Completed in 42ms
37 timing idealTree:userRequests Completed in 0ms
38 silly idealTree buildDeps
39 silly fetch manifest node-red-contrib-influxdb@^0.6.1
40 http fetch GET 200 https://registry.npmjs.org/node-red-contrib-influxdb 1553ms (cache miss)
41 silly placeDep ROOT node-red-contrib-influxdb@0.6.1 OK for: node-red-project@0.0.1 want: ^0.6.1
42 silly fetch manifest influx@5.6.3
43 silly fetch manifest @influxdata/influxdb-client@^1.8.0
44 silly fetch manifest lodash@4.17.21
45 http fetch GET 200 https://registry.npmjs.org/lodash 831ms (cache miss)
46 http fetch GET 200 https://registry.npmjs.org/influx 2048ms (cache miss)
47 http fetch GET 200 https://registry.npmjs.org/npm 5474ms (cache miss)
48 http fetch GET 200 https://registry.npmjs.org/@influxdata%2finfluxdb-client 8628ms (cache miss)
49 timing idealTree:#root Completed in 10265ms
50 silly placeDep ROOT @influxdata/influxdb-client@1.32.0 OK for: node-red-contrib-influxdb@0.6.1 want: ^1.8.0
51 silly placeDep ROOT influx@5.6.3 OK for: node-red-contrib-influxdb@0.6.1 want: 5.6.3
52 silly placeDep ROOT lodash@4.17.21 OK for: node-red-contrib-influxdb@0.6.1 want: 4.17.21
53 timing idealTree:node_modules/node-red-contrib-influxdb Completed in 41ms
54 timing idealTree:node_modules/@influxdata/influxdb-client Completed in 0ms
55 timing idealTree:node_modules/influx Completed in 0ms
56 timing idealTree:node_modules/lodash Completed in 0ms
57 timing idealTree:buildDeps Completed in 10312ms
58 timing idealTree:fixDepFlags Completed in 4ms
59 timing idealTree Completed in 10365ms
60 timing reify:loadTrees Completed in 10368ms
61 timing reify:diffTrees Completed in 7ms
62 silly reify moves {}
63 timing reify:retireShallow Completed in 7ms
64 timing reify:createSparse Completed in 6ms
65 timing reify:loadBundles Completed in 0ms
66 silly audit bulk request {
66 silly audit   'node-red-contrib-influxdb': [ '0.6.1' ],
66 silly audit   '@influxdata/influxdb-client': [ '1.32.0' ],
66 silly audit   influx: [ '5.6.3' ],
66 silly audit   lodash: [ '4.17.21' ]
66 silly audit }
67 silly tarball no local data for lodash@https://registry.npmjs.org/lodash/-/lodash-4.17.21.tgz. Extracting by manifest.
68 silly tarball no local data for influx@https://registry.npmjs.org/influx/-/influx-5.6.3.tgz. Extracting by manifest.
69 silly tarball no local data for @influxdata/influxdb-client@https://registry.npmjs.org/@influxdata/influxdb-client/-/influxdb-client-1.32.0.tgz. Extracting by manifest.
70 silly tarball no local data for node-red-contrib-influxdb@https://registry.npmjs.org/node-red-contrib-influxdb/-/node-red-contrib-influxdb-0.6.1.tgz. Extracting by manifest.
71 http fetch POST 200 https://registry.npmjs.org/-/npm/v1/security/advisories/bulk 350ms
72 timing auditReport:getReport Completed in 358ms
73 silly audit report {}
74 timing auditReport:init Completed in 0ms
75 timing reify:audit Completed in 361ms
76 http fetch GET 200 https://registry.npmjs.org/node-red-contrib-influxdb/-/node-red-contrib-influxdb-0.6.1.tgz 422ms (cache miss)
77 timing reifyNode:node_modules/node-red-contrib-influxdb Completed in 502ms
78 http fetch GET 200 https://registry.npmjs.org/influx/-/influx-5.6.3.tgz 556ms (cache miss)
79 timing reifyNode:node_modules/influx Completed in 606ms
80 http fetch GET 200 https://registry.npmjs.org/lodash/-/lodash-4.17.21.tgz 1634ms (cache miss)
81 timing reifyNode:node_modules/lodash Completed in 1678ms
82 http fetch GET 200 https://registry.npmjs.org/@influxdata/influxdb-client/-/influxdb-client-1.32.0.tgz 1945ms (cache miss)
83 timing reifyNode:node_modules/@influxdata/influxdb-client Completed in 2003ms
84 timing reify:unpack Completed in 2007ms
85 timing reify:unretire Completed in 0ms
86 timing build:queue Completed in 3ms
87 timing build:deps Completed in 5ms
88 timing build Completed in 5ms
89 timing reify:build Completed in 8ms
90 timing reify:trash Completed in 1ms
91 timing reify:save Completed in 17ms
92 timing reify Completed in 12577ms
93 silly ADD node_modules/lodash
94 silly ADD node_modules/influx
95 silly ADD node_modules/@influxdata/influxdb-client
96 silly ADD node_modules/node-red-contrib-influxdb
97 timing command:install Completed in 12606ms
98 notice
98 notice New major version of npm available! 8.11.0 -> 9.1.1
98 notice Changelog: <https://github.com/npm/cli/releases/tag/v9.1.1>
98 notice Run `npm install -g npm@9.1.1` to update!
98 notice
99 verbose exit 0
100 timing npm Completed in 13066ms
101 info ok
