0 verbose cli /usr/local/bin/node /usr/local/bin/npm
1 info using npm@9.1.2
2 info using node@v16.16.0
3 timing npm:load:whichnode Completed in 2ms
4 timing config:load:defaults Completed in 6ms
5 timing config:load:file:/usr/local/lib/node_modules/npm/npmrc Completed in 1ms
6 timing config:load:builtin Completed in 3ms
7 warn config production Use `--omit=dev` instead.
8 timing config:load:cli Completed in 9ms
9 timing config:load:env Completed in 2ms
10 timing config:load:file:/data/.npmrc Completed in 0ms
11 timing config:load:project Completed in 3ms
12 timing config:load:file:/usr/src/node-red/.npmrc Completed in 0ms
13 timing config:load:user Completed in 0ms
14 timing config:load:file:/usr/local/etc/npmrc Completed in 4ms
15 timing config:load:global Completed in 5ms
16 timing config:load:setEnvs Completed in 3ms
17 timing config:load Completed in 36ms
18 timing npm:load:configload Completed in 38ms
19 timing npm:load:mkdirpcache Completed in 0ms
20 timing npm:load:mkdirplogs Completed in 0ms
21 verbose title npm install node-red-contrib-bacnet@0.2.7
22 verbose argv "install" "--no-audit" "--no-update-notifier" "--no-fund" "--save" "--save-prefix" "~" "--production" "--engine-strict" "node-red-contrib-bacnet@0.2.7"
23 timing npm:load:setTitle Completed in 5ms
24 timing config:load:flatten Completed in 11ms
25 timing npm:load:display Completed in 20ms
26 verbose logfile logs-max:10 dir:/data/.npm/_logs/2022-11-21T06_51_07_564Z-
27 verbose logfile /data/.npm/_logs/2022-11-21T06_51_07_564Z-debug-0.log
28 timing npm:load:logFile Completed in 18ms
29 timing npm:load:timers Completed in 0ms
30 timing npm:load:configScope Completed in 1ms
31 timing npm:load Completed in 89ms
32 silly logfile done cleaning log files
33 timing config:load:flatten Completed in 2ms
34 timing arborist:ctor Completed in 2ms
35 timing idealTree:init Completed in 74ms
36 timing idealTree:userRequests Completed in 8ms
37 silly idealTree buildDeps
38 silly fetch manifest node-red-contrib-bacnet@0.2.7
39 timing arborist:ctor Completed in 0ms
40 http fetch GET 200 https://registry.npmjs.org/node-red-contrib-bacnet 1347ms (cache miss)
41 silly placeDep ROOT node-red-contrib-bacnet@0.2.7 OK for: node-red-project@0.0.1 want: 0.2.7
42 silly fetch manifest debug@~4.3.4
43 silly fetch manifest node-bacnet@~0.2.4
44 silly fetch manifest underscore@~1.13.6
45 http fetch GET 200 https://registry.npmjs.org/underscore 419ms (cache miss)
46 http fetch GET 200 https://registry.npmjs.org/debug 600ms (cache miss)
47 http fetch GET 200 https://registry.npmjs.org/node-bacnet 967ms (cache miss)
48 timing idealTree:#root Completed in 2353ms
49 silly placeDep ROOT debug@4.3.4 OK for: node-red-contrib-bacnet@0.2.7 want: ~4.3.4
50 silly placeDep ROOT node-bacnet@0.2.4 OK for: node-red-contrib-bacnet@0.2.7 want: ~0.2.4
51 silly placeDep ROOT underscore@1.13.6 OK for: node-red-contrib-bacnet@0.2.7 want: ~1.13.6
52 silly fetch manifest ms@2.1.2
53 silly fetch manifest iconv-lite@^0.5.1
54 http fetch GET 200 https://registry.npmjs.org/iconv-lite 299ms (cache miss)
55 http fetch GET 200 https://registry.npmjs.org/ms 1210ms (cache miss)
56 timing idealTree:node_modules/node-red-contrib-bacnet Completed in 1257ms
57 silly placeDep ROOT ms@2.1.2 OK for: debug@4.3.4 want: 2.1.2
58 timing idealTree:node_modules/debug Completed in 6ms
59 timing idealTree:node_modules/ms Completed in 0ms
60 silly placeDep ROOT iconv-lite@0.5.2 OK for: node-bacnet@0.2.4 want: ^0.5.1
61 silly fetch manifest safer-buffer@>= 2.1.2 < 3
62 http fetch GET 200 https://registry.npmjs.org/safer-buffer 91ms (cache miss)
63 timing idealTree:node_modules/node-bacnet Completed in 100ms
64 silly placeDep ROOT safer-buffer@2.1.2 OK for: iconv-lite@0.5.2 want: >= 2.1.2 < 3
65 timing idealTree:node_modules/iconv-lite Completed in 6ms
66 timing idealTree:node_modules/safer-buffer Completed in 0ms
67 timing idealTree:node_modules/underscore Completed in 0ms
68 timing idealTree:buildDeps Completed in 3728ms
69 timing idealTree:fixDepFlags Completed in 2ms
70 timing idealTree Completed in 3817ms
71 timing reify:loadTrees Completed in 3821ms
72 timing reify:diffTrees Completed in 6ms
73 silly reify moves {}
74 timing reify:retireShallow Completed in 4ms
75 timing reify:createSparse Completed in 3ms
76 timing reify:trashOmits Completed in 0ms
77 timing reify:loadBundles Completed in 0ms
78 silly tarball no local data for iconv-lite@https://registry.npmjs.org/iconv-lite/-/iconv-lite-0.5.2.tgz. Extracting by manifest.
79 silly tarball no local data for ms@https://registry.npmjs.org/ms/-/ms-2.1.2.tgz. Extracting by manifest.
80 silly tarball no local data for underscore@https://registry.npmjs.org/underscore/-/underscore-1.13.6.tgz. Extracting by manifest.
81 silly tarball no local data for node-bacnet@https://registry.npmjs.org/node-bacnet/-/node-bacnet-0.2.4.tgz. Extracting by manifest.
82 silly tarball no local data for debug@https://registry.npmjs.org/debug/-/debug-4.3.4.tgz. Extracting by manifest.
83 silly tarball no local data for safer-buffer@https://registry.npmjs.org/safer-buffer/-/safer-buffer-2.1.2.tgz. Extracting by manifest.
84 silly tarball no local data for node-red-contrib-bacnet@https://registry.npmjs.org/node-red-contrib-bacnet/-/node-red-contrib-bacnet-0.2.7.tgz. Extracting by manifest.
85 http fetch GET 200 https://registry.npmjs.org/ms/-/ms-2.1.2.tgz 258ms (cache miss)
86 timing reifyNode:node_modules/ms Completed in 295ms
87 http fetch GET 200 https://registry.npmjs.org/underscore/-/underscore-1.13.6.tgz 964ms (cache miss)
88 timing reifyNode:node_modules/underscore Completed in 1005ms
89 http fetch GET 200 https://registry.npmjs.org/iconv-lite/-/iconv-lite-0.5.2.tgz 1092ms (cache miss)
90 timing reifyNode:node_modules/iconv-lite Completed in 1124ms
91 http fetch GET 200 https://registry.npmjs.org/safer-buffer/-/safer-buffer-2.1.2.tgz 1415ms (cache miss)
92 timing reifyNode:node_modules/safer-buffer Completed in 1471ms
93 http fetch GET 200 https://registry.npmjs.org/debug/-/debug-4.3.4.tgz 1463ms (cache miss)
94 timing reifyNode:node_modules/debug Completed in 1512ms
95 http fetch GET 200 https://registry.npmjs.org/node-bacnet/-/node-bacnet-0.2.4.tgz 1997ms (cache miss)
96 timing reifyNode:node_modules/node-bacnet Completed in 2043ms
97 http fetch GET 200 https://registry.npmjs.org/node-red-contrib-bacnet/-/node-red-contrib-bacnet-0.2.7.tgz 4707ms (cache miss)
98 timing reifyNode:node_modules/node-red-contrib-bacnet Completed in 4766ms
99 timing reify:unpack Completed in 4769ms
100 timing reify:unretire Completed in 1ms
101 timing build:queue Completed in 4ms
102 info run node-red-contrib-bacnet@0.2.7 postinstall node_modules/node-red-contrib-bacnet node ./supporter.js
103 info run node-red-contrib-bacnet@0.2.7 postinstall { code: 0, signal: null }
104 timing build:run:postinstall:node_modules/node-red-contrib-bacnet Completed in 157ms
105 timing build:run:postinstall Completed in 160ms
106 timing build:deps Completed in 166ms
107 timing build Completed in 166ms
108 timing reify:build Completed in 168ms
109 timing reify:trash Completed in 0ms
110 timing reify:save Completed in 29ms
111 timing reify Completed in 8827ms
112 silly ADD node_modules/safer-buffer
113 silly ADD node_modules/iconv-lite
114 silly ADD node_modules/ms
115 silly ADD node_modules/underscore
116 silly ADD node_modules/node-bacnet
117 silly ADD node_modules/debug
118 silly ADD node_modules/node-red-contrib-bacnet
119 timing command:install Completed in 8844ms
120 verbose exit 0
121 timing npm Completed in 8991ms
122 info ok
