0 verbose cli /usr/local/bin/node /usr/local/bin/npm
1 info using npm@8.11.0
2 info using node@v16.16.0
3 timing npm:load:whichnode Completed in 1ms
4 timing config:load:defaults Completed in 20ms
5 timing config:load:file:/usr/local/lib/node_modules/npm/npmrc Completed in 3ms
6 timing config:load:builtin Completed in 4ms
7 timing config:load:cli Completed in 5ms
8 timing config:load:env Completed in 1ms
9 timing config:load:file:/data/.npmrc Completed in 1ms
10 timing config:load:project Completed in 44ms
11 timing config:load:file:/usr/src/node-red/.npmrc Completed in 1ms
12 timing config:load:user Completed in 2ms
13 timing config:load:file:/usr/local/etc/npmrc Completed in 8ms
14 timing config:load:global Completed in 9ms
15 timing config:load:validate Completed in 4ms
16 timing config:load:credentials Completed in 7ms
17 timing config:load:setEnvs Completed in 5ms
18 timing config:load Completed in 108ms
19 timing npm:load:configload Completed in 111ms
20 timing npm:load:mkdirpcache Completed in 5ms
21 timing npm:load:mkdirplogs Completed in 2ms
22 verbose title npm install
23 verbose argv "install"
24 timing npm:load:setTitle Completed in 5ms
25 timing config:load:flatten Completed in 30ms
26 timing npm:load:display Completed in 36ms
27 verbose logfile logs-max:10 dir:/data/.npm/_logs
28 verbose logfile /data/.npm/_logs/2022-11-16T11_25_48_198Z-debug-0.log
29 timing npm:load:logFile Completed in 33ms
30 timing npm:load:timers Completed in 0ms
31 timing npm:load:configScope Completed in 1ms
32 timing npm:load Completed in 200ms
33 timing arborist:ctor Completed in 3ms
34 silly logfile done cleaning log files
35 timing idealTree:init Completed in 98ms
36 timing idealTree:userRequests Completed in 1ms
37 silly idealTree buildDeps
38 timing idealTree:#root Completed in 1ms
39 timing idealTree:buildDeps Completed in 7ms
40 timing idealTree:fixDepFlags Completed in 0ms
41 timing idealTree Completed in 114ms
42 verbose shrinkwrap failed to load node_modules/.package-lock.json out of date, updated: node_modules
43 timing reify:loadTrees Completed in 172ms
44 timing reify:diffTrees Completed in 13ms
45 silly reify moves {}
46 timing reify:retireShallow Completed in 5ms
47 timing reify:createSparse Completed in 1ms
48 timing reify:loadBundles Completed in 0ms
49 silly audit bulk request {
49 silly audit   '@influxdata/influxdb-client': [ '1.32.0' ],
49 silly audit   influx: [ '5.6.3' ],
49 silly audit   lodash: [ '4.17.21' ],
49 silly audit   'node-red-contrib-influxdb': [ '0.6.1' ]
49 silly audit }
50 timing reify:unpack Completed in 11ms
51 timing reify:unretire Completed in 0ms
52 timing build:queue Completed in 1ms
53 timing build:deps Completed in 2ms
54 timing build Completed in 3ms
55 timing reify:build Completed in 5ms
56 timing reify:trash Completed in 1ms
57 timing reify:save Completed in 39ms
58 http fetch POST 200 https://registry.npmjs.org/-/npm/v1/security/advisories/bulk 659ms
59 timing auditReport:getReport Completed in 668ms
60 silly audit report {}
61 timing auditReport:init Completed in 0ms
62 timing reify:audit Completed in 671ms
63 timing reify Completed in 884ms
64 timing command:install Completed in 915ms
65 verbose exit 0
66 timing npm Completed in 1535ms
67 info ok
