0 verbose cli /usr/local/bin/node /usr/local/bin/npm
1 info using npm@9.1.2
2 info using node@v16.16.0
3 timing npm:load:whichnode Completed in 2ms
4 timing config:load:defaults Completed in 8ms
5 timing config:load:file:/usr/local/lib/node_modules/npm/npmrc Completed in 6ms
6 timing config:load:builtin Completed in 7ms
7 timing config:load:cli Completed in 5ms
8 timing config:load:env Completed in 1ms
9 timing config:load:file:/data/.npmrc Completed in 0ms
10 timing config:load:project Completed in 4ms
11 timing config:load:file:/usr/src/node-red/.npmrc Completed in 1ms
12 timing config:load:user Completed in 2ms
13 timing config:load:file:/usr/local/etc/npmrc Completed in 5ms
14 timing config:load:global Completed in 7ms
15 timing config:load:setEnvs Completed in 4ms
16 timing config:load Completed in 41ms
17 timing npm:load:configload Completed in 41ms
18 timing npm:load:mkdirpcache Completed in 1ms
19 timing npm:load:mkdirplogs Completed in 0ms
20 verbose title npm install
21 verbose argv "install"
22 timing npm:load:setTitle Completed in 5ms
23 timing config:load:flatten Completed in 15ms
24 timing npm:load:display Completed in 19ms
25 verbose logfile logs-max:10 dir:/data/.npm/_logs/2022-11-21T06_43_40_114Z-
26 verbose logfile /data/.npm/_logs/2022-11-21T06_43_40_114Z-debug-0.log
27 timing npm:load:logFile Completed in 21ms
28 timing npm:load:timers Completed in 1ms
29 timing npm:load:configScope Completed in 0ms
30 timing npm:load Completed in 95ms
31 silly logfile done cleaning log files
32 timing config:load:flatten Completed in 2ms
33 timing arborist:ctor Completed in 3ms
34 timing arborist:ctor Completed in 1ms
35 timing idealTree:init Completed in 56ms
36 timing idealTree:userRequests Completed in 0ms
37 silly idealTree buildDeps
38 silly fetch manifest node-red-contrib-influxdb@^0.6.1
39 http fetch GET 200 https://registry.npmjs.org/node-red-contrib-influxdb 1208ms (cache revalidated)
40 silly placeDep ROOT node-red-contrib-influxdb@0.6.1 OK for: node-red-project@0.0.1 want: ^0.6.1
41 silly fetch manifest influx@5.6.3
42 silly fetch manifest @influxdata/influxdb-client@^1.8.0
43 silly fetch manifest lodash@4.17.21
44 http fetch GET 200 https://registry.npmjs.org/lodash 250ms (cache revalidated)
45 http fetch GET 200 https://registry.npmjs.org/influx 832ms (cache revalidated)
46 http fetch GET 200 https://registry.npmjs.org/@influxdata%2finfluxdb-client 7661ms (cache updated)
47 timing idealTree:#root Completed in 8973ms
48 silly placeDep ROOT @influxdata/influxdb-client@1.32.0 OK for: node-red-contrib-influxdb@0.6.1 want: ^1.8.0
49 silly placeDep ROOT influx@5.6.3 OK for: node-red-contrib-influxdb@0.6.1 want: 5.6.3
50 silly placeDep ROOT lodash@4.17.21 OK for: node-red-contrib-influxdb@0.6.1 want: 4.17.21
51 timing idealTree:node_modules/node-red-contrib-influxdb Completed in 28ms
52 timing idealTree:node_modules/@influxdata/influxdb-client Completed in 0ms
53 timing idealTree:node_modules/influx Completed in 0ms
54 timing idealTree:node_modules/lodash Completed in 0ms
55 timing idealTree:buildDeps Completed in 9009ms
56 timing idealTree:fixDepFlags Completed in 2ms
57 timing idealTree Completed in 9072ms
58 timing reify:loadTrees Completed in 9075ms
59 timing reify:diffTrees Completed in 3ms
60 silly reify moves {}
61 timing reify:retireShallow Completed in 4ms
62 timing reify:createSparse Completed in 11ms
63 timing reify:loadBundles Completed in 0ms
64 silly audit bulk request {
64 silly audit   'node-red-contrib-influxdb': [ '0.6.1' ],
64 silly audit   '@influxdata/influxdb-client': [ '1.32.0' ],
64 silly audit   influx: [ '5.6.3' ],
64 silly audit   lodash: [ '4.17.21' ]
64 silly audit }
65 http fetch POST 200 https://registry.npmjs.org/-/npm/v1/security/advisories/bulk 402ms
66 timing auditReport:getReport Completed in 408ms
67 silly audit report {}
68 timing auditReport:init Completed in 0ms
69 timing reify:audit Completed in 411ms
70 timing reifyNode:node_modules/node-red-contrib-influxdb Completed in 447ms
71 timing reifyNode:node_modules/influx Completed in 499ms
72 timing reifyNode:node_modules/@influxdata/influxdb-client Completed in 521ms
73 timing reifyNode:node_modules/lodash Completed in 1225ms
74 timing reify:unpack Completed in 1227ms
75 timing reify:unretire Completed in 1ms
76 timing build:queue Completed in 1ms
77 timing build:deps Completed in 3ms
78 timing build Completed in 3ms
79 timing reify:build Completed in 5ms
80 timing reify:trash Completed in 0ms
81 timing reify:save Completed in 14ms
82 timing reify Completed in 10371ms
83 silly ADD node_modules/lodash
84 silly ADD node_modules/influx
85 silly ADD node_modules/@influxdata/influxdb-client
86 silly ADD node_modules/node-red-contrib-influxdb
87 timing command:install Completed in 10407ms
88 verbose exit 0
89 timing npm Completed in 10566ms
90 info ok
