0 verbose cli /usr/local/bin/node /usr/local/bin/npm
1 info using npm@9.1.2
2 info using node@v16.16.0
3 timing npm:load:whichnode Completed in 2ms
4 timing config:load:defaults Completed in 7ms
5 timing config:load:file:/usr/local/lib/node_modules/npm/npmrc Completed in 6ms
6 timing config:load:builtin Completed in 7ms
7 timing config:load:cli Completed in 6ms
8 timing config:load:env Completed in 1ms
9 timing config:load:file:/data/.npmrc Completed in 1ms
10 timing config:load:project Completed in 4ms
11 timing config:load:file:/usr/src/node-red/.npmrc Completed in 1ms
12 timing config:load:user Completed in 1ms
13 timing config:load:file:/usr/local/etc/npmrc Completed in 5ms
14 timing config:load:global Completed in 5ms
15 timing config:load:setEnvs Completed in 5ms
16 timing config:load Completed in 39ms
17 timing npm:load:configload Completed in 40ms
18 timing npm:load:mkdirpcache Completed in 1ms
19 timing npm:load:mkdirplogs Completed in 1ms
20 verbose title npm install
21 verbose argv "install"
22 timing npm:load:setTitle Completed in 5ms
23 timing config:load:flatten Completed in 12ms
24 timing npm:load:display Completed in 18ms
25 verbose logfile logs-max:10 dir:/data/.npm/_logs/2022-11-21T08_26_27_508Z-
26 verbose logfile /data/.npm/_logs/2022-11-21T08_26_27_508Z-debug-0.log
27 timing npm:load:logFile Completed in 20ms
28 timing npm:load:timers Completed in 0ms
29 timing npm:load:configScope Completed in 0ms
30 timing npm:load Completed in 90ms
31 silly logfile start cleaning logs, removing 2 files
32 timing config:load:flatten Completed in 3ms
33 timing arborist:ctor Completed in 3ms
34 silly logfile done cleaning log files
35 timing idealTree:init Completed in 147ms
36 timing idealTree:userRequests Completed in 1ms
37 silly idealTree buildDeps
38 timing idealTree:#root Completed in 1ms
39 timing idealTree:buildDeps Completed in 6ms
40 timing idealTree:fixDepFlags Completed in 0ms
41 timing idealTree Completed in 163ms
42 timing arborist:ctor Completed in 1ms
43 timing reify:loadTrees Completed in 233ms
44 timing reify:diffTrees Completed in 22ms
45 silly reify moves {}
46 timing reify:retireShallow Completed in 7ms
47 timing reify:createSparse Completed in 0ms
48 timing reify:loadBundles Completed in 0ms
49 silly audit bulk request {
49 silly audit   '@influxdata/influxdb-client': [ '1.32.0' ],
49 silly audit   debug: [ '4.3.4' ],
49 silly audit   'iconv-lite': [ '0.5.2' ],
49 silly audit   influx: [ '5.6.3' ],
49 silly audit   lodash: [ '4.17.21' ],
49 silly audit   ms: [ '2.1.2' ],
49 silly audit   'node-bacnet': [ '0.2.4' ],
49 silly audit   'node-red-contrib-bacnet': [ '0.2.7' ],
49 silly audit   'node-red-contrib-influxdb': [ '0.6.1' ],
49 silly audit   'safer-buffer': [ '2.1.2' ],
49 silly audit   underscore: [ '1.13.6' ]
49 silly audit }
50 timing reify:unpack Completed in 15ms
51 timing reify:unretire Completed in 0ms
52 timing build:queue Completed in 0ms
53 timing build:deps Completed in 2ms
54 timing build Completed in 3ms
55 timing reify:build Completed in 4ms
56 timing reify:trash Completed in 0ms
57 timing reify:save Completed in 39ms
58 http fetch POST 200 https://registry.npmjs.org/-/npm/v1/security/advisories/bulk 677ms
59 timing auditReport:getReport Completed in 691ms
60 silly audit report {}
61 timing auditReport:init Completed in 0ms
62 timing reify:audit Completed in 694ms
63 timing reify Completed in 978ms
64 timing command:install Completed in 1014ms
65 verbose exit 0
66 timing npm Completed in 1187ms
67 info ok
